2026-02-18 07:12:57 [INFO]  - 1899
2026-02-18 07:12:57 [ERROR] Invalid input - 24727
2026-02-18 07:12:57 [DEBUG]  - 23874
2026-02-18 07:12:57 [INFO]  - 22293
2026-02-18 07:12:57 [CRITICAL]  - 30971
2026-02-18 07:12:57 [INFO]  - 28375
2026-02-18 07:12:57 [WARNING]  - 11238
2026-02-18 07:12:57 [DEBUG]  - 31999
2026-02-18 07:12:57 [INFO]  - 4191
2026-02-18 07:12:57 [DEBUG]  - 30920
2026-02-18 07:12:57 [DEBUG]  - 25430
2026-02-18 07:12:57 [ERROR] Disk full - 31046
2026-02-18 07:12:57 [INFO]  - 11816
2026-02-18 07:12:57 [CRITICAL]  - 28640
2026-02-18 07:12:57 [ERROR] Failed to connect - 19500
2026-02-18 07:12:57 [WARNING]  - 3155
2026-02-18 07:12:57 [CRITICAL]  - 6261
2026-02-18 07:12:57 [DEBUG]  - 28779
2026-02-18 07:12:57 [ERROR] Out of memory - 3395
2026-02-18 07:12:57 [INFO]  - 6562
2026-02-18 07:12:58 [ERROR] Out of memory - 374
2026-02-18 07:12:58 [INFO]  - 1999
2026-02-18 07:12:58 [ERROR] Segmentation fault - 32227
2026-02-18 07:12:58 [WARNING]  - 262
2026-02-18 07:12:58 [DEBUG]  - 9447
2026-02-18 07:12:58 [WARNING]  - 13988
2026-02-18 07:12:58 [DEBUG]  - 9161
2026-02-18 07:12:58 [ERROR] Invalid input - 11064
2026-02-18 07:12:58 [DEBUG]  - 4005
2026-02-18 07:12:58 [INFO]  - 17649
2026-02-18 07:12:58 [CRITICAL]  - 4643
2026-02-18 07:12:58 [DEBUG]  - 4247
2026-02-18 07:12:58 [ERROR] Disk full - 8749
2026-02-18 07:12:58 [DEBUG]  - 5464
2026-02-18 07:12:58 [INFO]  - 14004
2026-02-18 07:12:58 [INFO]  - 13755
2026-02-18 07:12:58 [CRITICAL]  - 935
2026-02-18 07:12:58 [WARNING]  - 24835
2026-02-18 07:12:58 [INFO]  - 16627
2026-02-18 07:12:58 [WARNING]  - 3642
2026-02-18 07:12:58 [ERROR] Disk full - 24665
2026-02-18 07:12:58 [DEBUG]  - 19679
2026-02-18 07:12:58 [INFO]  - 15241
2026-02-18 07:12:58 [DEBUG]  - 32549
2026-02-18 07:12:58 [WARNING]  - 17099
2026-02-18 07:12:58 [ERROR] Out of memory - 31884
2026-02-18 07:12:58 [DEBUG]  - 4844
2026-02-18 07:12:58 [ERROR] Disk full - 13919
2026-02-18 07:12:58 [DEBUG]  - 29803
2026-02-18 07:12:58 [INFO]  - 20801
2026-02-18 07:12:58 [CRITICAL]  - 3252
2026-02-18 07:12:58 [DEBUG]  - 13115
2026-02-18 07:12:58 [WARNING]  - 1457
2026-02-18 07:12:58 [CRITICAL]  - 990
2026-02-18 07:12:58 [WARNING]  - 18473
2026-02-18 07:12:58 [DEBUG]  - 26268
2026-02-18 07:12:58 [CRITICAL]  - 19095
2026-02-18 07:12:58 [WARNING]  - 28097
2026-02-18 07:12:58 [INFO]  - 23623
2026-02-18 07:12:58 [CRITICAL]  - 25267
2026-02-18 07:12:58 [ERROR] Segmentation fault - 8241
2026-02-18 07:12:58 [ERROR] Out of memory - 11249
2026-02-18 07:12:58 [INFO]  - 17038
2026-02-18 07:12:58 [DEBUG]  - 18392
2026-02-18 07:12:58 [DEBUG]  - 8727
2026-02-18 07:12:58 [INFO]  - 9263
2026-02-18 07:12:58 [CRITICAL]  - 10562
2026-02-18 07:12:58 [WARNING]  - 3380
2026-02-18 07:12:58 [INFO]  - 32212
2026-02-18 07:12:58 [CRITICAL]  - 6434
2026-02-18 07:12:58 [CRITICAL]  - 4693
2026-02-18 07:12:58 [DEBUG]  - 3303
2026-02-18 07:12:58 [WARNING]  - 5469
2026-02-18 07:12:58 [DEBUG]  - 28877
2026-02-18 07:12:58 [ERROR] Failed to connect - 31813
2026-02-18 07:12:58 [ERROR] Disk full - 14090
2026-02-18 07:12:58 [INFO]  - 19501
2026-02-18 07:12:58 [INFO]  - 22505
2026-02-18 07:12:58 [DEBUG]  - 2533
2026-02-18 07:12:58 [INFO]  - 2479
2026-02-18 07:12:58 [WARNING]  - 20975
2026-02-18 07:12:58 [WARNING]  - 18020
2026-02-18 07:12:58 [ERROR] Segmentation fault - 6851
2026-02-18 07:12:58 [WARNING]  - 27508
2026-02-18 07:12:58 [CRITICAL]  - 4598
2026-02-18 07:12:58 [CRITICAL]  - 9066
2026-02-18 07:12:58 [INFO]  - 30322
2026-02-18 07:12:58 [WARNING]  - 21027
2026-02-18 07:12:58 [DEBUG]  - 32459
2026-02-18 07:12:58 [DEBUG]  - 20238
2026-02-18 07:12:58 [WARNING]  - 5144
2026-02-18 07:12:58 [DEBUG]  - 16285
2026-02-18 07:12:58 [CRITICAL]  - 13579
2026-02-18 07:12:58 [CRITICAL]  - 23925
2026-02-18 07:12:58 [DEBUG]  - 15445
2026-02-18 07:12:58 [CRITICAL]  - 1355
2026-02-18 07:12:58 [DEBUG]  - 25294
2026-02-18 07:12:58 [DEBUG]  - 21793
2026-02-18 07:12:58 [ERROR] Disk full - 32150
2026-02-18 07:12:58 [INFO]  - 6390
2026-02-18 07:12:58 [WARNING]  - 21262
2026-02-18 07:12:58 [WARNING]  - 15799
2026-02-18 07:12:58 [WARNING]  - 23108
2026-02-18 07:12:58 [INFO]  - 21428
2026-02-18 07:12:58 [DEBUG]  - 22294
2026-02-18 07:12:58 [CRITICAL]  - 28542
2026-02-18 07:12:58 [DEBUG]  - 12110
2026-02-18 07:12:58 [DEBUG]  - 10096
2026-02-18 07:12:58 [DEBUG]  - 27172
2026-02-18 07:12:58 [INFO]  - 9131
2026-02-18 07:12:58 [ERROR] Invalid input - 7783
2026-02-18 07:12:58 [INFO]  - 13170
2026-02-18 07:12:58 [DEBUG]  - 13412
2026-02-18 07:12:58 [WARNING]  - 18354
2026-02-18 07:12:58 [ERROR] Invalid input - 7614
2026-02-18 07:12:58 [CRITICAL]  - 19681
2026-02-18 07:12:58 [CRITICAL]  - 13318
2026-02-18 07:12:58 [CRITICAL]  - 30882
2026-02-18 07:12:58 [DEBUG]  - 5550
2026-02-18 07:12:58 [WARNING]  - 1541
2026-02-18 07:12:58 [INFO]  - 24620
2026-02-18 07:12:58 [DEBUG]  - 29182
2026-02-18 07:12:58 [CRITICAL]  - 8415
2026-02-18 07:12:58 [DEBUG]  - 25201
2026-02-18 07:12:58 [ERROR] Invalid input - 17887
2026-02-18 07:12:58 [DEBUG]  - 3032
2026-02-18 07:12:58 [CRITICAL]  - 20773
2026-02-18 07:12:58 [DEBUG]  - 6581
2026-02-18 07:12:58 [DEBUG]  - 23646
2026-02-18 07:12:58 [CRITICAL]  - 2110
2026-02-18 07:12:58 [DEBUG]  - 3942
2026-02-18 07:12:58 [ERROR] Failed to connect - 28282
2026-02-18 07:12:58 [WARNING]  - 3660
2026-02-18 07:12:58 [WARNING]  - 8914
2026-02-18 07:12:58 [CRITICAL]  - 5882
2026-02-18 07:12:58 [WARNING]  - 16017
2026-02-18 07:12:58 [DEBUG]  - 1268
2026-02-18 07:12:58 [INFO]  - 20112
2026-02-18 07:12:58 [WARNING]  - 10989
2026-02-18 07:12:58 [DEBUG]  - 28970
2026-02-18 07:12:58 [WARNING]  - 17476
2026-02-18 07:12:58 [DEBUG]  - 22285
2026-02-18 07:12:58 [INFO]  - 18137
2026-02-18 07:12:58 [CRITICAL]  - 2663
2026-02-18 07:12:58 [WARNING]  - 2420
2026-02-18 07:12:58 [INFO]  - 20436
2026-02-18 07:12:58 [WARNING]  - 7680
2026-02-18 07:12:58 [CRITICAL]  - 21200
2026-02-18 07:12:58 [WARNING]  - 27016
2026-02-18 07:12:58 [DEBUG]  - 11502
2026-02-18 07:12:58 [DEBUG]  - 19477
2026-02-18 07:12:58 [INFO]  - 13034
2026-02-18 07:12:58 [CRITICAL]  - 7935
2026-02-18 07:12:58 [INFO]  - 27465
2026-02-18 07:12:58 [DEBUG]  - 16437
2026-02-18 07:12:58 [WARNING]  - 4964
2026-02-18 07:12:58 [INFO]  - 31579
2026-02-18 07:12:58 [ERROR] Disk full - 161
2026-02-18 07:12:58 [WARNING]  - 4754
2026-02-18 07:12:58 [WARNING]  - 1683
2026-02-18 07:12:58 [INFO]  - 19134
2026-02-18 07:12:58 [ERROR] Disk full - 17761
2026-02-18 07:12:58 [WARNING]  - 31263
2026-02-18 07:12:58 [DEBUG]  - 26213
2026-02-18 07:12:58 [WARNING]  - 16244
2026-02-18 07:12:58 [ERROR] Invalid input - 32333
2026-02-18 07:12:58 [INFO]  - 9777
2026-02-18 07:12:58 [ERROR] Disk full - 26724
2026-02-18 07:12:58 [CRITICAL]  - 12176
2026-02-18 07:12:58 [ERROR] Out of memory - 27020
2026-02-18 07:12:58 [INFO]  - 22197
2026-02-18 07:12:58 [DEBUG]  - 30195
2026-02-18 07:12:58 [INFO]  - 19053
2026-02-18 07:12:58 [ERROR] Failed to connect - 32456
2026-02-18 07:12:58 [CRITICAL]  - 20317
2026-02-18 07:12:58 [WARNING]  - 15033
2026-02-18 07:12:58 [CRITICAL]  - 13309
2026-02-18 07:12:58 [WARNING]  - 25678
2026-02-18 07:12:58 [DEBUG]  - 7143
2026-02-18 07:12:58 [CRITICAL]  - 26422
2026-02-18 07:12:58 [DEBUG]  - 17625
2026-02-18 07:12:58 [WARNING]  - 13533
2026-02-18 07:12:58 [DEBUG]  - 28452
2026-02-18 07:12:58 [INFO]  - 6053
2026-02-18 07:12:58 [INFO]  - 10902
2026-02-18 07:12:58 [DEBUG]  - 9178
2026-02-18 07:12:58 [WARNING]  - 2289
2026-02-18 07:12:58 [WARNING]  - 30526
2026-02-18 07:12:58 [WARNING]  - 1607
2026-02-18 07:12:58 [CRITICAL]  - 11779
2026-02-18 07:12:58 [WARNING]  - 27297
2026-02-18 07:12:58 [DEBUG]  - 9862
2026-02-18 07:12:58 [WARNING]  - 32259
2026-02-18 07:12:58 [DEBUG]  - 32292
2026-02-18 07:12:58 [WARNING]  - 2043
2026-02-18 07:12:58 [INFO]  - 13187
2026-02-18 07:12:58 [INFO]  - 13394
2026-02-18 07:12:58 [DEBUG]  - 20070
2026-02-18 07:12:58 [ERROR] Segmentation fault - 7863
2026-02-18 07:12:58 [DEBUG]  - 10472
